2025-05-18 14:07:55,776 - utils.logging_config - INFO - Logging initialized. Log file: logs\scraping_2025-05-18_14-07.log
2025-05-18 14:07:55,776 - __main__ - INFO - Démarrage du programme de scraping. Les logs seront conservés dans ce fichier: logs\scraping_2025-05-18_14-07.log
2025-05-18 14:07:55,786 - utils.user_agent - INFO - Récupération de l'url vers la dernière liste à jour d'user-agents
2025-05-18 14:07:56,225 - utils.user_agent - INFO - Url vers la dernière liste à jour d'user-agents a été récupérée
2025-05-18 14:07:56,225 - utils.user_agent - INFO - Début de la récupération de la liste d'user-agents à jour, depuis le cache si possible.
2025-05-18 14:07:56,225 - utils.user_agent - INFO - Vérifie la présence du fichier de cache d'user-agents
2025-05-18 14:07:56,231 - utils.user_agent - INFO - Le fichier de cache avec la liste d'user-agents existe
2025-05-18 14:07:56,231 - utils.user_agent - INFO - URL inchangée ou la mise à jour n'a pas été activée. Chargement depuis le cache.
2025-05-18 14:07:56,231 - utils.user_agent - INFO - Vérifie la présence du fichier de cache d'user-agents
2025-05-18 14:07:56,231 - utils.user_agent - INFO - Le fichier de cache avec la liste d'user-agents existe
2025-05-18 14:07:58,138 - utils.user_agent - INFO - Initialisation du sélecteur d'user-agent
2025-05-18 14:07:58,138 - utils.user_agent - INFO - Récupération d'un user_agent
2025-05-18 14:07:58,155 - utils.user_agent - INFO - Les user-agents ont été notés
2025-05-18 14:07:58,155 - utils.user_agent - INFO - Un nouvel user_agent a été sélectionné Mozilla/5.0 (Macintosh; Intel Mac OS X 10_14_0) AppleWebKit/537.36 (KHTML, like Gecko) Chrome/49.0.3861.1759 Safari/537.36
2025-05-18 14:07:58,155 - WDM - INFO - ====== WebDriver manager ======
2025-05-18 14:08:00,410 - WDM - INFO - Get LATEST chromedriver version for google-chrome
2025-05-18 14:08:00,491 - WDM - INFO - Get LATEST chromedriver version for google-chrome
2025-05-18 14:08:00,526 - WDM - INFO - There is no [win64] chromedriver "136.0.7103.94" for browser google-chrome "136.0.7103" in cache
2025-05-18 14:08:00,526 - WDM - INFO - Get LATEST chromedriver version for google-chrome
2025-05-18 14:08:00,617 - WDM - INFO - WebDriver version 136.0.7103.94 selected
2025-05-18 14:08:00,625 - WDM - INFO - Modern chrome version https://storage.googleapis.com/chrome-for-testing-public/136.0.7103.94/win32/chromedriver-win32.zip
2025-05-18 14:08:00,625 - WDM - INFO - About to download new driver from https://storage.googleapis.com/chrome-for-testing-public/136.0.7103.94/win32/chromedriver-win32.zip
2025-05-18 14:08:00,725 - WDM - INFO - Driver downloading response is 200
2025-05-18 14:08:01,006 - WDM - INFO - Get LATEST chromedriver version for google-chrome
2025-05-18 14:08:02,778 - WDM - INFO - Driver has been saved in cache [C:\Users\nathan.olszowski\.wdm\drivers\chromedriver\win64\136.0.7103.94]
2025-05-18 14:08:11,153 - core.selenium_scraper - INFO - [JLL] Le driver Selenium a été initialisé avec succès
2025-05-18 14:08:11,153 - __main__ - INFO - Démarrage du scraper JLL ...
2025-05-18 14:08:11,153 - core.base_scraper - INFO - [JLL] Début du scraping
2025-05-18 14:08:11,153 - core.base_scraper - INFO - [https://immobilier.jll.fr/sitemap-properties.xml] Utilisation de la méthode XML
2025-05-18 14:08:17,027 - core.selenium_scraper - INFO - [JLL] Trouvé 7174 URLs dans le sitemap
2025-05-18 14:08:17,027 - scrapers.jll - INFO - Filtrage des offres
2025-05-18 14:08:17,036 - scrapers.jll - INFO - [JLL] Trouvé 4856 URLs filtrées sans bureaux région
2025-05-18 14:08:17,036 - scrapers.jll - INFO - [JLL] Début du scraping des données pour chacune des offres
2025-05-18 14:08:24,524 - scrapers.jll - INFO - [JLL] Début du scraping des données pour chacune des offres
2025-05-18 14:08:32,129 - scrapers.jll - INFO - [JLL] Début du scraping des données pour chacune des offres
2025-05-18 14:08:38,794 - scrapers.jll - INFO - [JLL] Début du scraping des données pour chacune des offres
2025-05-18 14:08:45,776 - scrapers.jll - INFO - [JLL] Début du scraping des données pour chacune des offres
2025-05-18 14:08:52,790 - core.base_scraper - INFO - [JLL] Fin du scraping. 5 résultats collectés.
2025-05-18 14:08:52,790 - __main__ - INFO - Récupération de 5 résultats pour le scraper JLL
2025-05-18 14:08:52,798 - utils.export - INFO - Exportation réussie de 5 résultats
2025-05-18 14:08:52,798 - __main__ - INFO - Le programme de scraping est terminé
2025-05-18 14:08:55,213 - core.selenium_scraper - INFO - [JLL] Le driver Selenium a été fermé avec succès
