2025-05-07 17:40:50,809 - utils.logging_config - INFO - Logging initialized. Log file: logs\scraping_2025-05-07_17-40.log
2025-05-07 17:40:50,809 - __main__ - INFO - Démarrage du programme de scraping. Les logs seront conservés dans ce fichier: logs\scraping_2025-05-07_17-40.log
2025-05-07 17:40:50,809 - __main__ - INFO - Démarrage du scraper CUSHMAN ...
2025-05-07 17:40:50,809 - core.base_scraper - INFO - [CUSHMAN] Début du scraping
2025-05-07 17:40:50,809 - core.requests_scraper - INFO - Récupération des urls depuis la sitemap principale
2025-05-07 17:40:50,809 - utils.user_agent - INFO - Récupération d'un user_agent
2025-05-07 17:40:50,809 - utils.user_agent - INFO - Les user-agents ont été pesés
2025-05-07 17:40:50,809 - utils.user_agent - INFO - Un nouvel user_agent a été sélectionné Mozilla/5.0 (Windows NT 6.1; WOW64) AppleWebKit/537.36 (KHTML, like Gecko) Chrome/53.0.5155.1927 Safari/537.36
2025-05-07 17:40:51,091 - core.requests_scraper - INFO - [CUSHMAN] Trouvé 5919 URLs dans le sitemap
2025-05-07 17:40:51,092 - scrapers.cushman - INFO - Filtrage des offres
2025-05-07 17:40:51,092 - scrapers.cushman - INFO - [CUSHMAN] Trouvé 2856 URLs filtrées sans bureaux région
2025-05-07 17:40:51,134 - scrapers.cushman - INFO - [CUSHMAN] Début du scraping des données pour chacune des offres
2025-05-07 17:40:51,134 - utils.user_agent - INFO - Récupération d'un user_agent
2025-05-07 17:40:51,136 - utils.user_agent - INFO - Les user-agents ont été pesés
2025-05-07 17:40:51,136 - utils.user_agent - INFO - Un nouvel user_agent a été sélectionné Mozilla/5.0 (Linux; Android 6.0; Nexus 5 Build/MRA58N) AppleWebKit/537.36 (KHTML, like Gecko) Chrome/56.0.5983.1102 Mobile Safari/537.36
2025-05-07 17:40:51,679 - scrapers.cushman - INFO - [CUSHMAN] Début du scraping des données pour chacune des offres
2025-05-07 17:40:51,679 - utils.user_agent - INFO - Récupération d'un user_agent
2025-05-07 17:40:51,681 - utils.user_agent - INFO - Les user-agents ont été pesés
2025-05-07 17:40:51,681 - utils.user_agent - INFO - Un nouvel user_agent a été sélectionné Mozilla/5.0 (Macintosh; Intel Mac OS X 10_12_0) AppleWebKit/537.36 (KHTML, like Gecko) Chrome/57.0.6666.1309 Safari/537.36
2025-05-07 17:40:52,269 - scrapers.cushman - INFO - [CUSHMAN] Début du scraping des données pour chacune des offres
2025-05-07 17:40:52,270 - utils.user_agent - INFO - Récupération d'un user_agent
2025-05-07 17:40:52,271 - utils.user_agent - INFO - Les user-agents ont été pesés
2025-05-07 17:40:52,272 - utils.user_agent - INFO - Un nouvel user_agent a été sélectionné Mozilla/5.0 (Macintosh; Intel Mac OS X 10_13_0) AppleWebKit/537.36 (KHTML, like Gecko) Chrome/47.0.8614.1351 Safari/537.36
2025-05-07 17:40:52,859 - scrapers.cushman - INFO - [CUSHMAN] Début du scraping des données pour chacune des offres
2025-05-07 17:40:52,859 - utils.user_agent - INFO - Récupération d'un user_agent
2025-05-07 17:40:52,861 - utils.user_agent - INFO - Les user-agents ont été pesés
2025-05-07 17:40:52,861 - utils.user_agent - INFO - Un nouvel user_agent a été sélectionné Mozilla/5.0 (Windows NT 10.0; Win64; x64) AppleWebKit/537.36 (KHTML, like Gecko) Chrome/116.0.4122.89 Safari/537.36
2025-05-07 17:40:53,593 - scrapers.cushman - INFO - [CUSHMAN] Début du scraping des données pour chacune des offres
2025-05-07 17:40:53,593 - utils.user_agent - INFO - Récupération d'un user_agent
2025-05-07 17:40:53,593 - utils.user_agent - INFO - Les user-agents ont été pesés
2025-05-07 17:40:53,593 - utils.user_agent - INFO - Un nouvel user_agent a été sélectionné Mozilla/5.0 (Windows NT 6.1; WOW64) AppleWebKit/537.36 (KHTML, like Gecko) Chrome/44.0.6590.1978 Safari/537.36
2025-05-07 17:40:54,164 - core.base_scraper - INFO - [CUSHMAN] Fin du scraping. 5 résultats collectés.
2025-05-07 17:40:54,164 - __main__ - INFO - Récupération de 5 résultats pour le scraper CUSHMAN
2025-05-07 17:40:54,166 - utils.export - INFO - Exportation réussie de 5 résultats
2025-05-07 17:40:54,166 - __main__ - INFO - Le programme de scraping est terminé
